d:\develop\xerosproject\xerosapp\xerosapp\debug\xerosapp.pch
d:\develop\xerosproject\xerosapp\xerosapp\debug\vc120.pdb
d:\develop\xerosproject\xerosapp\xerosapp\debug\vc120.idb
d:\develop\xerosproject\xerosapp\xerosapp\debug\stdafx.obj
d:\develop\xerosproject\xerosapp\xerosapp\debug\browser.obj
d:\develop\xerosproject\xerosapp\xerosapp\debug\log.obj
d:\develop\xerosproject\xerosapp\xerosapp\debug\database.obj
d:\develop\xerosproject\xerosapp\xerosapp\debug\postgresql.obj
d:\develop\xerosproject\xerosapp\xerosapp\debug\htmlcommon.obj
d:\develop\xerosproject\xerosapp\xerosapp\debug\htmlreader.obj
d:\develop\xerosproject\xerosapp\xerosapp\debug\htmltag.obj
d:\develop\xerosproject\xerosapp\xerosapp\debug\analyzer.obj
d:\develop\xerosproject\xerosapp\xerosapp\debug\network.obj
d:\develop\xerosproject\xerosapp\xerosapp\debug\operation.obj
d:\develop\xerosproject\xerosapp\xerosapp\debug\sampling.obj
d:\develop\xerosproject\xerosapp\xerosapp\debug\searchword.obj
d:\develop\xerosproject\xerosapp\xerosapp\debug\realtimecheck.obj
d:\develop\xerosproject\xerosapp\xerosapp\debug\service.obj
d:\develop\xerosproject\xerosapp\xerosapp\debug\xerosapp.obj
d:\develop\xerosproject\xerosapp\xerosapp\debug\xerosapp.tlog\cl.command.1.tlog
d:\develop\xerosproject\xerosapp\xerosapp\debug\xerosapp.tlog\cl.read.1.tlog
d:\develop\xerosproject\xerosapp\xerosapp\debug\xerosapp.tlog\cl.write.1.tlog
