Build started 2015-09-14 오전 5:10:44.
     1>Project "D:\Develop\XerosProject\XerosApp\XerosApp\XerosApp.vcxproj" on node 2 (Build target(s)).
     1>ClCompile:
         C:\Program Files (x86)\Microsoft Visual Studio 12.0\VC\bin\CL.exe /c /ID:\Develop\XerosProject\Lib\cURL\include /I"D:\Develop\XerosProject\Lib\PostgreSQL\x86-32\include" /ZI /nologo /W3 /WX- /sdl /Od /Oy- /D WIN32 /D _WINDOWS /D _DEBUG /D _USING_V110_SDK71_ /D _UNICODE /D UNICODE /D _AFXDLL /Gm /EHsc /RTC1 /MDd /GS /fp:precise /Zc:wchar_t /Zc:forScope /Fo"Debug\\" /Fd"Debug\vc120.pdb" /Gd /TP /analyze- /errorReport:prompt Common\Log.cpp
         Log.cpp
       Link:
         C:\Program Files (x86)\Microsoft Visual Studio 12.0\VC\bin\link.exe /ERRORREPORT:PROMPT /OUT:"D:\Develop\XerosProject\XerosApp\Debug\XerosApp.exe" /INCREMENTAL /NOLOGO /LIBPATH:D:\Develop\XerosProject\Lib\cURL\lib /LIBPATH:"D:\Develop\XerosProject\Lib\PostgreSQL\x86-32\lib" libpq.lib libcurl_imp.lib /MANIFEST /MANIFESTUAC:"level='asInvoker' uiAccess='false'" /manifest:embed /manifestinput:"C:\Program Files (x86)\Microsoft Visual Studio 12.0\VC\Include\Manifest\dpiaware.manifest" /DEBUG /PDB:"D:\Develop\XerosProject\XerosApp\Debug\XerosApp.pdb" /SUBSYSTEM:WINDOWS,"5.01" /TLBID:1 /ENTRY:"wWinMainCRTStartup" /DYNAMICBASE /NXCOMPAT /IMPLIB:"D:\Develop\XerosProject\XerosApp\Debug\XerosApp.lib" /MACHINE:X86 Debug\XerosApp.res
         Debug\Browser.obj
         Debug\Log.obj
         Debug\DataBase.obj
         Debug\PostgreSQL.obj
         Debug\HTMLCommon.obj
         Debug\HTMLReader.obj
         Debug\HTMLTag.obj
         Debug\Analyzer.obj
         Debug\DataSingleton.obj
         Debug\Network.obj
         Debug\Operation.obj
         Debug\Sampling.obj
         Debug\SearchWord.obj
         Debug\RealTimeCheck.obj
         Debug\Service.obj
         Debug\stdafx.obj
         Debug\XerosApp.obj
         Debug\XerosDlg.obj
         XerosApp.vcxproj -> D:\Develop\XerosProject\XerosApp\Debug\XerosApp.exe
     1>Done Building Project "D:\Develop\XerosProject\XerosApp\XerosApp\XerosApp.vcxproj" (Build target(s)).

Build succeeded.

Time Elapsed 00:00:01.46
